Script started on 2023-08-26 22:09:07-03:00 [TERM="xterm-256color" TTY="/dev/pts/2" COLUMNS="106" LINES="99"]
make[1]: Entering directory '/home/ubuntu/RAD-8895/out'
  GEN     ./Makefile
scripts/kconfig/conf  --silentoldconfig Kconfig
Kconfig:15:warning: environment variable ANDROID_MAJOR_VERSION undefined
INFO: CC is clang
  CHK     include/config/kernel.release
  GEN     ./Makefile
  UPD     include/config/kernel.release
  WRAP    arch/arm64/include/generated/asm/bug.h
  WRAP    arch/arm64/include/generated/asm/bugs.h
  WRAP    arch/arm64/include/generated/asm/checksum.h
  WRAP    arch/arm64/include/generated/asm/clkdev.h
  WRAP    arch/arm64/include/generated/asm/cputime.h
  WRAP    arch/arm64/include/generated/asm/current.h
  WRAP    arch/arm64/include/generated/asm/delay.h
  WRAP    arch/arm64/include/generated/asm/div64.h
  CHK     include/generated/uapi/linux/version.h
  WRAP    arch/arm64/include/generated/asm/dma.h
  UPD     include/generated/uapi/linux/version.h
  WRAP    arch/arm64/include/generated/asm/dma-contiguous.h
  WRAP    arch/arm64/include/generated/asm/early_ioremap.h
  WRAP    arch/arm64/include/generated/asm/emergency-restart.h
  WRAP    arch/arm64/include/generated/asm/errno.h
  WRAP    arch/arm64/include/generated/asm/ftrace.h
  WRAP    arch/arm64/include/generated/asm/hw_irq.h
  WRAP    arch/arm64/include/generated/asm/ioctls.h
  WRAP    arch/arm64/include/generated/asm/ioctl.h
  WRAP    arch/arm64/include/generated/asm/ipcbuf.h
  WRAP    arch/arm64/include/generated/asm/irq_regs.h
  WRAP    arch/arm64/include/generated/asm/kdebug.h
  WRAP    arch/arm64/include/generated/asm/kmap_types.h
  WRAP    arch/arm64/include/generated/asm/kvm_para.h
  WRAP    arch/arm64/include/generated/asm/local.h
  WRAP    arch/arm64/include/generated/asm/local64.h
  WRAP    arch/arm64/include/generated/asm/mcs_spinlock.h
  WRAP    arch/arm64/include/generated/asm/mman.h
  WRAP    arch/arm64/include/generated/asm/mm-arch-hooks.h
  WRAP    arch/arm64/include/generated/asm/msgbuf.h
  WRAP    arch/arm64/include/generated/asm/msi.h
  WRAP    arch/arm64/include/generated/asm/pci.h
  WRAP    arch/arm64/include/generated/asm/mutex.h
  WRAP    arch/arm64/include/generated/asm/pci-bridge.h
  WRAP    arch/arm64/include/generated/asm/poll.h
  WRAP    arch/arm64/include/generated/asm/preempt.h
  WRAP    arch/arm64/include/generated/asm/resource.h
  CHK     include/generated/utsrelease.h
  WRAP    arch/arm64/include/generated/asm/rwsem.h
  WRAP    arch/arm64/include/generated/asm/segment.h
  WRAP    arch/arm64/include/generated/asm/sections.h
  WRAP    arch/arm64/include/generated/asm/sembuf.h
  WRAP    arch/arm64/include/generated/asm/serial.h
  WRAP    arch/arm64/include/generated/asm/shmbuf.h
  WRAP    arch/arm64/include/generated/asm/simd.h
  UPD     include/generated/utsrelease.h
  WRAP    arch/arm64/include/generated/asm/sizes.h
  WRAP    arch/arm64/include/generated/asm/socket.h
  WRAP    arch/arm64/include/generated/asm/sockios.h
  WRAP    arch/arm64/include/generated/asm/swab.h
  WRAP    arch/arm64/include/generated/asm/switch_to.h
  WRAP    arch/arm64/include/generated/asm/termbits.h
  WRAP    arch/arm64/include/generated/asm/termios.h
  WRAP    arch/arm64/include/generated/asm/topology.h
  WRAP    arch/arm64/include/generated/asm/trace_clock.h
  WRAP    arch/arm64/include/generated/asm/types.h
  WRAP    arch/arm64/include/generated/asm/unaligned.h
  WRAP    arch/arm64/include/generated/asm/user.h
  WRAP    arch/arm64/include/generated/asm/vga.h
  WRAP    arch/arm64/include/generated/asm/xor.h
  WRAP    arch/arm64/include/generated/uapi/asm/kvm_para.h
  HOSTCC  scripts/basic/fixdep
  Using .. as source for kernel
  HOSTCC  scripts/basic/bin2c
  CHK     include/generated/timeconst.h
  CC      kernel/bounds.s
  UPD     include/generated/timeconst.h
  HOSTCC  scripts/dtc/dtc.o
  HOSTCC  scripts/dtbtool_exynos/dtbtool.o
  CC      scripts/mod/empty.o
  HOSTCC  scripts/dtc/flattree.o
  CHK     include/generated/bounds.h
  UPD     include/generated/bounds.h
  CC      arch/arm64/kernel/asm-offsets.s
  HOSTCC  scripts/mod/mk_elfconfig
  HOSTCC  scripts/dtbtool_exynos/../dtc/libfdt/fdt.o
  CC      scripts/mod/devicetable-offsets.s
  HOSTCC  scripts/dtbtool_exynos/../dtc/libfdt/fdt_ro.o
  MKELF   scripts/mod/elfconfig.h
  CHK     scripts/mod/devicetable-offsets.h
  UPD     scripts/mod/devicetable-offsets.h
  HOSTCC  scripts/mod/sumversion.o
  HOSTCC  scripts/dtc/fstree.o
  HOSTLD  scripts/dtbtool_exynos/dtbtool
  HOSTCC  scripts/selinux/genheaders/genheaders
  HOSTCC  scripts/dtc/data.o
  HOSTCC  scripts/mod/modpost.o
  CHK     include/generated/asm-offsets.h
  UPD     include/generated/asm-offsets.h
  CALL    ../scripts/checksyscalls.sh
  HOSTCC  scripts/selinux/mdp/mdp
  HOSTCC  scripts/dtc/livetree.o
  HOSTCC  scripts/kallsyms
  HOSTCC  scripts/dtc/treesource.o
  HOSTCC  scripts/dtc/srcpos.o
  HOSTCC  scripts/dtc/checks.o
  HOSTCC  scripts/dtc/util.o
  HOSTCC  scripts/mod/file2alias.o
  SHIPPED scripts/dtc/dtc-lexer.lex.c
  SHIPPED scripts/dtc/dtc-parser.tab.h
  SHIPPED scripts/dtc/dtc-parser.tab.c
  HOSTCC  scripts/dtc/dtc-lexer.lex.o
  LDS     arch/arm64/kernel/vdso/vdso.lds
  HOSTCC  scripts/dtc/dtc-parser.tab.o
  VDSOC   arch/arm64/kernel/vdso/vgettimeofday.o
  VDSOA   arch/arm64/kernel/vdso/note.o
  HOSTLD  scripts/dtc/dtc
  VDSOA   arch/arm64/kernel/vdso/sigreturn.o
  HOSTLD  scripts/mod/modpost
  VDSOL   arch/arm64/kernel/vdso/vdso.so.dbg
  VDSOSYM include/generated/vdso-offsets.h
  HOSTCC  usr/gen_init_cpio
  CC      init/main.o
  CC      arch/arm64/mm/dma-mapping.o
  CC      arch/arm64/kernel/debug-monitors.o
  GEN     usr/initramfs_data.cpio.gz
  AS      usr/initramfs_data.o
  LD      usr/built-in.o
  CC      arch/arm64/mm/extable.o
  AS      arch/arm64/kernel/entry.o
  CC      arch/arm64/mm/fault.o
  CC      arch/arm64/kernel/irq.o
  CHK     include/generated/compile.h
  CC      arch/arm64/mm/init.o
  UPD     include/generated/compile.h
  CC      init/do_mounts.o
  CC      arch/arm64/kernel/fpsimd.o
  AS      arch/arm64/mm/cache.o
  CC      arch/arm64/mm/copypage.o
  CC      arch/arm64/mm/flush.o
  AS      arch/arm64/kernel/entry-fpsimd.o
  LD      arch/arm64/net/built-in.o
  CC      arch/arm64/crypto/sha1-ce-glue.o
  CC      arch/arm64/kernel/process.o
  CC      init/do_mounts_rd.o
  CC      arch/arm64/mm/ioremap.o
  CC      arch/arm64/mm/mmap.o
  AS      arch/arm64/crypto/sha1-ce-core.o
  CC      init/do_mounts_initrd.o
  CC      arch/arm64/crypto/sha2-ce-glue.o
  CC      arch/arm64/kernel/ptrace.o
  CC      arch/arm64/mm/pgd.o
  CC      init/do_mounts_dm.o
  AS      arch/arm64/crypto/sha2-ce-core.o
  CC      arch/arm64/mm/mmu.o
  CC      arch/arm64/crypto/poly-hash-ce-glue.o
  CC      arch/arm64/kernel/setup.o
  CC      init/noinitramfs.o
  AS      arch/arm64/crypto/poly-hash-ce-core.o
  CC      arch/arm64/crypto/aes-ce-cipher.o
  CC      arch/arm64/mm/context.o
  CC      init/initramfs.o
  CC      arch/arm64/kernel/signal.o
  CC      arch/arm64/crypto/aes-glue-ce.o
  AS      arch/arm64/mm/proc.o
  CC      arch/arm64/mm/pageattr.o
  CC      init/calibrate.o
  AS      arch/arm64/crypto/aes-ce.o
  CC      arch/arm64/kernel/sys.o
  LD      arch/arm64/mm/built-in.o
  CC      arch/arm64/crypto/crc32-arm64.o
  CC      init/init_task.o
  CC      kernel/fork.o
  CC      arch/arm64/kernel/stacktrace.o
  CC      init/version.o
  LD      arch/arm64/crypto/sha1-ce.o
  LD      arch/arm64/crypto/sha2-ce.o
  LD      arch/arm64/crypto/poly-hash-ce.o
  LD      arch/arm64/crypto/aes-ce-blk.o
  LD      arch/arm64/crypto/built-in.o
  LD      certs/built-in.o
  CC      mm/filemap.o
  CC      arch/arm64/kernel/time.o
  LD      init/mounts.o
  LD      init/built-in.o
  CC      fs/open.o
  CC      arch/arm64/kernel/traps.o
[1m../fs/open.c:355:21: [0m[0;1;31merror: [0m[1mISO C90 forbids  CC      kernel/exec_domain.o
 mixing declarations and code
      [-Werror,-Wdeclaration-after-statement][0m
        const struct cred *old_cred;
[0;1;32m                           ^
[0m1 error generated.
make[2]: *** [../scripts/Makefile.build:277: fs/open.o] Error 1
make[1]: *** [/home/ubuntu/RAD-8895/Makefile:1040: fs] Error 2
make[1]: *** Waiting for unfinished jobs....
  CC      kernel/panic.o
  CC      mm/mempool.o
  CC      arch/arm64/kernel/io.o
  CC      kernel/cpu.o
  CC      kernel/exit.o
  CC      arch/arm64/kernel/vdso.o
  CC      mm/oom_kill.o
  AS      arch/arm64/kernel/hyp-stub.o
  CC      arch/arm64/kernel/psci.o
  CC      kernel/softirq.o
  CC      mm/maccess.o
  CC      arch/arm64/kernel/cpu_ops.o
  CC      kernel/resource.o
  CC      mm/page_alloc.o
  CC      arch/arm64/kernel/insn.o
  CC      kernel/sysctl.o
  CC      kernel/sysctl_binary.o
  CC      arch/arm64/kernel/return_address.o
  CC      arch/arm64/kernel/cpuinfo.o
  CC      kernel/capability.o
  CC      kernel/ptrace.o
  CC      arch/arm64/kernel/cpu_errata.o
  CC      mm/page-writeback.o
  CC      kernel/user.o
  CC      arch/arm64/kernel/cpufeature.o
  CC      kernel/signal.o
  CC      kernel/sys.o
  CC      arch/arm64/kernel/alternative.o
  CC      arch/arm64/kernel/cacheinfo.o
  CC      mm/readahead.o
  CC      arch/arm64/kernel/smp.o
  CC      kernel/kmod.o
  CC      mm/swap.o
  CC      kernel/workqueue.o
  CC      kernel/pid.o
  CC      arch/arm64/kernel/smp_spin_table.o
  CC      arch/arm64/kernel/topology.o
  AS      arch/arm64/kernel/smccc-call.o
  CC      mm/truncate.o
  CC      arch/arm64/kernel/ctr_el0_handler.o
  CC      arch/arm64/kernel/sys32.o
  CC      arch/arm64/kernel/signal32.o
  CC      arch/arm64/kernel/sys_compat.o
  CC      mm/vmscan.o
  CC      kernel/task_work.o
  AS      arch/arm64/kernel/entry32.o
  CC      arch/arm64/kernel/../../arm/kernel/opcodes.o
  CC      kernel/extable.o
  CC      mm/shmem.o
  AS      arch/arm64/kernel/sigreturn32.o
  AS      arch/arm64/kernel/kuser32.o
  CC      arch/arm64/kernel/perf_regs.o
  CC      kernel/params.o
  CC      arch/arm64/kernel/perf_callchain.o
  CC      kernel/kthread.o
  CC      mm/util.o
  CC      arch/arm64/kernel/perf_event.o
  CC      kernel/sys_ni.o
  CC      kernel/nsproxy.o
  CC      mm/mmzone.o
  CC      kernel/notifier.o
  CC      arch/arm64/kernel/hw_breakpoint.o
  CC      mm/vmstat.o
  CC      kernel/ksysfs.o
  CC      kernel/cred.o
  AS      arch/arm64/kernel/sleep.o
  CC      kernel/reboot.o
  CC      arch/arm64/kernel/suspend.o
  CC      mm/backing-dev.o
  CC      kernel/async.o
  CC      kernel/range.o
  CC      arch/arm64/kernel/cpuidle.o
  CC      kernel/smpboot.o
  CC      kernel/groups.o
  AS      arch/arm64/kernel/exynos-smc.o
  CC      mm/mm_init.o
  CC      arch/arm64/kernel/pci.o
  CC      kernel/bpf/core.o
  CC      kernel/events/core.o
  CC      mm/mmu_context.o
  CC      arch/arm64/kernel/armv8_deprecated.o
  CC      mm/percpu.o
  LD      kernel/bpf/built-in.o
  CC      kernel/events/ring_buffer.o
  CC      arch/arm64/kernel/acpi.o
  CC      mm/slab_common.o
  CC      kernel/events/callchain.o
  OBJCOPY arch/arm64/kernel/vdso/vdso.so
  AS      arch/arm64/kernel/vdso/vdso.o
  LD      arch/arm64/kernel/vdso/built-in.o
  AS      arch/arm64/kernel/head.o
  LDS     arch/arm64/kernel/vmlinux.lds
  LD      arch/arm64/kernel/built-in.o
  CC      kernel/events/hw_breakpoint.o
  CC      mm/compaction.o
  CC      mm/vmacache.o
  CC      mm/interval_tree.o
  CC      mm/list_lru.o
  LD      kernel/events/built-in.o
  CC      kernel/irq/irqdesc.o
  CC      mm/workingset.o
  CC      mm/debug.o
  CC      kernel/irq/handle.o
  LD      kernel/livepatch/built-in.o
  CC      kernel/locking/mutex.o
  CC      mm/gup.o
  CC      mm/highmem.o
  CC      kernel/irq/manage.o
  CC      kernel/locking/semaphore.o
  CC      mm/memory.o
  CC      kernel/locking/rwsem.o
  CC      mm/mincore.o
  CC      kernel/irq/spurious.o
  CC      kernel/locking/percpu-rwsem.o
  CC      kernel/irq/resend.o
  CC      kernel/locking/spinlock.o
  CC      kernel/locking/osq_lock.o
  CC      kernel/irq/chip.o
  CC      kernel/locking/lglock.o
  CC      kernel/locking/rtmutex.o
  CC      kernel/locking/rwsem-xadd.o
  CC      mm/mlock.o
  CC      kernel/irq/dummychip.o
  CC      kernel/irq/devres.o
  LD      kernel/locking/built-in.o
  CC      kernel/power/qos.o
  CC      kernel/irq/generic-chip.o
  CC      kernel/irq/autoprobe.o
  CC      mm/mmap.o
  CC      kernel/irq/irqdomain.o
  CC      kernel/irq/proc.o
  CC      kernel/power/main.o
  CC      kernel/irq/cpuhotplug.o
  CC      kernel/power/process.o
  CC      kernel/irq/pm.o
  CC      mm/mprotect.o
  CC      kernel/printk/printk.o
  CC      kernel/irq/msi.o
  CC      kernel/power/suspend.o
  CC      mm/mremap.o
  LD      kernel/irq/built-in.o
  CC      kernel/rcu/update.o
  CC      kernel/power/autosleep.o
  LD      kernel/printk/built-in.o
  CC      kernel/sched/core.o
  CC      mm/msync.o
  CC      kernel/rcu/sync.o
  CC      kernel/power/wakelock.o
  CC      kernel/rcu/srcu.o
  CC      mm/rmap.o
  CC      kernel/power/poweroff.o
  CC      kernel/rcu/tree.o
  CC      kernel/power/wakeup_reason.o
  CC      mm/vmalloc.o
  LD      kernel/power/built-in.o
  CC      kernel/sched/loadavg.o
  CC      kernel/sched/clock.o
  CC      kernel/sched/cputime.o
  CC      mm/pagewalk.o
  LD      kernel/rcu/built-in.o
  CC      kernel/time/time.o
  CC      kernel/sched/idle_task.o
  CC      mm/pgtable-generic.o
  CC      kernel/time/timer.o
  CC      kernel/sched/fair.o
  CC      mm/process_vm_access.o
  CC      kernel/sched/rt.o
  CC      mm/init-mm.o
  CC      kernel/time/hrtimer.o
  CC      mm/nobootmem.o
  CC      mm/fadvise.o
  CC      kernel/sched/deadline.o
  CC      kernel/time/itimer.o
  CC      mm/madvise.o
  CC      kernel/time/posix-timers.o
  CC      kernel/sched/stop_task.o
  CC      mm/memblock.o
  CC      mm/page_io.o
  CC      kernel/time/posix-cpu-timers.o
  CC      mm/swap_state.o
  CC      mm/swapfile.o
  CC      kernel/sched/wait.o
  CC      kernel/time/timekeeping.o
  CC      mm/frontswap.o
  CC      kernel/sched/completion.o
  CC      kernel/sched/idle.o
  CC      mm/dmapool.o
  CC      kernel/time/ntp.o
  CC      mm/sparse.o
  CC      kernel/sched/cpupri.o
  CC      kernel/time/clocksource.o
  CC      kernel/time/jiffies.o
  CC      mm/sparse-vmemmap.o
  CC      kernel/sched/cpudeadline.o
  CC      kernel/sched/energy.o
  CC      kernel/time/timer_list.o
  CC      mm/slub.o
  CC      kernel/sched/debug.o
  CC      kernel/sched/cpuacct.o
  CC      kernel/time/timeconv.o
  CC      kernel/sched/cpufreq.o
  CC      kernel/time/timecounter.o
  CC      kernel/time/posix-clock.o
  CC      kernel/time/alarmtimer.o
  LD      kernel/sched/built-in.o
  CC      kernel/trace/trace_clock.o
  CC      kernel/time/clockevents.o
  CC      kernel/time/tick-common.o
  CC      kernel/trace/ring_buffer.o
  CC      kernel/time/tick-broadcast.o
  CC      kernel/time/tick-broadcast-hrtimer.o
  CC      mm/migrate.o
  CC      kernel/time/sched_clock.o
  CC      kernel/time/tick-oneshot.o
  CC      kernel/time/tick-sched.o
  CC      kernel/trace/trace.o
  CC      kernel/time/timekeeping_debug.o
  CC      mm/page_counter.o
  CC      mm/memcontrol.o
  LD      kernel/time/built-in.o
  CC      kernel/kaslr.o
  CC      mm/vmpressure.o
  CC      kernel/freezer.o
  CC      mm/swap_cgroup.o
  CC      kernel/profile.o
  CC      mm/page_isolation.o
  CC      kernel/trace/trace_output.o
  CC      kernel/stacktrace.o
  CC      mm/zsmalloc.o
  CC      kernel/futex.o
  CC      mm/early_ioremap.o
  CC      kernel/trace/trace_seq.o
  CC      mm/cma.o
  CC      kernel/trace/trace_stat.o
  CC      mm/hpa.o
  CC      kernel/trace/trace_printk.o
  CC      mm/frame_vector.o
  CC      kernel/futex_compat.o
  CC      kernel/smp.o
  CC      kernel/trace/trace_sched_switch.o
  CC      kernel/uid16.o
  CC      mm/usercopy.o
  CC      kernel/kallsyms.o
  LD      mm/built-in.o
  CC      kernel/trace/trace_nop.o
  CC      kernel/trace/blktrace.o
  CC      kernel/compat.o
  CC      kernel/cgroup.o
  CC      kernel/trace/trace_events.o
  CC      kernel/trace/trace_export.o
  CC      kernel/trace/trace_event_perf.o
  CC      kernel/cgroup_freezer.o
  CC      kernel/trace/trace_events_filter.o
  CC      kernel/trace/trace_events_trigger.o
  CC      kernel/cpuset.o
  CC      kernel/utsname.o
  CC      kernel/trace/power-traces.o
  CC      kernel/trace/rpm-traces.o
  CC      kernel/pid_namespace.o
  GZIP    kernel/config_data.gz
  CC      kernel/stop_machine.o
  CC      kernel/trace/gpu-traces.o
  CC      kernel/hung_task.o
  CC      kernel/watchdog.o
  CC      kernel/seccomp.o
  LD      kernel/trace/built-in.o
  CC      kernel/utsname_sysctl.o
  CC      kernel/delayacct.o
  CC      kernel/taskstats.o
  CC      kernel/tsacct.o
  CC      kernel/tracepoint.o
  CC      kernel/elfcore.o
  CC      kernel/irq_work.o
  CC      kernel/cpu_pm.o
  CC      kernel/membarrier.o
  CC      kernel/memremap.o
  CHK     kernel/config_data.h
  UPD     kernel/config_data.h
  CC      kernel/configs.o
  LD      kernel/built-in.o
make[1]: Leaving directory '/home/ubuntu/RAD-8895/out'
make: *** [Makefile:152: sub-make] Error 2

Script done on 2023-08-26 22:10:06-03:00 [COMMAND_EXIT_CODE="2"]
