Script started on 2023-08-26 22:13:38-03:00 [TERM="xterm-256color" TTY="/dev/pts/2" COLUMNS="106" LINES="60"]
make[1]: Entering directory '/home/ubuntu/RAD-8895/out'
  GEN     ./Makefile
scripts/kconfig/conf  --silentoldconfig Kconfig
Kconfig:15:warning: environment variable ANDROID_MAJOR_VERSION undefined
INFO: CC is clang
  CHK     include/config/kernel.release
  GEN     ./Makefile
  UPD     include/config/kernel.release
  CHK     include/generated/uapi/linux/version.h
  CHK     include/generated/utsrelease.h
  UPD     include/generated/utsrelease.h
  Using .. as source for kernel
  CHK     scripts/mod/devicetable-offsets.h
  CHK     include/generated/timeconst.h
  CHK     include/generated/bounds.h
  CHK     include/generated/asm-offsets.h
  CALL    ../scripts/checksyscalls.sh
make[2]: 'include/generated/vdso-offsets.h' is up to date.
  CHK     include/generated/compile.h
  CC      arch/arm64/kernel/hw_breakpoint.o
  CC      init/version.o
  CC      mm/backing-dev.o
  CC      kernel/sys.o
  LD      init/built-in.o
  CC      mm/mm_init.o
  CC      arch/arm64/kernel/suspend.o
  CC      mm/mmu_context.o
  CC      mm/percpu.o
  CC      arch/arm64/kernel/cpuidle.o
  CC      mm/slab_common.o
  CC      kernel/params.o
  AS      arch/arm64/kernel/exynos-smc.o
  CC      arch/arm64/kernel/pci.o
  CC      mm/compaction.o
  CC      kernel/kthread.o
  CC      arch/arm64/kernel/armv8_deprecated.o
  CC      mm/vmacache.o
  CC      mm/interval_tree.o
  CC      kernel/sys_ni.o
  CC      arch/arm64/kernel/acpi.o
  CC      kernel/nsproxy.o
  CC      mm/list_lru.o
  CC      mm/workingset.o
  CC      kernel/notifier.o
  OBJCOPY arch/arm64/kernel/vdso/vdso.so
  AS      arch/arm64/kernel/vdso/vdso.o
  LD      arch/arm64/kernel/vdso/built-in.o
  AS      arch/arm64/kernel/head.o
  CC      mm/debug.o
  LDS     arch/arm64/kernel/vmlinux.lds
  CC      fs/open.o
  LD      arch/arm64/kernel/built-in.o
  LD      ipc/built-in.o
  CC      security/dsms/dsms_kernel_api.o
  CC      kernel/ksysfs.o
  CC      mm/gup.o
[1m../fs/open.c:354:21: [0m[0;1;31merror: [0m[1mISO C90 forbids mixing declarations and code
      [-Werror,-Wdeclaration-after-statement][0m
        const struct cred *old_cred;
[0;1;32m                           ^
[0m1 error generated.
make[2]: *** [../scripts/Makefile.build:277: fs/open.o] Error 1
make[1]: *** [/home/ubuntu/RAD-8895/Makefile:1040: fs] Error 2
make[1]: *** Waiting for unfinished jobs....
  CC      security/dsms/dsms_access_control.o
  CC      security/dsms/dsms_policy.o
  CC      kernel/cred.o
  CC      security/dsms/dsms_init.o
  CC      kernel/reboot.o
  LD      security/dsms/built-in.o
  CC      security/integrity/iint.o
  CC      mm/highmem.o
  CC      kernel/async.o
  CC      kernel/range.o
  CC      kernel/smpboot.o
  LD      security/integrity/integrity.o
  LD      security/integrity/built-in.o
  CC      security/keys/gc.o
  CC      mm/memory.o
  CC      security/keys/key.o
  CC      kernel/groups.o
  CC      security/keys/keyring.o
  CC      security/keys/keyctl.o
  CC      kernel/bpf/core.o
  CC      security/keys/permission.o
  CC      security/keys/process_keys.o
  CC      security/keys/request_key.o
  CC      mm/mincore.o
  CC      security/keys/request_key_auth.o
  LD      kernel/bpf/built-in.o
  CC      kernel/events/core.o
  CC      security/keys/user_defined.o
  CC      mm/mlock.o
  CC      kernel/events/ring_buffer.o
  CC      security/keys/compat.o
  CC      mm/mmap.o
  CC      security/keys/proc.o
  CC      security/keys/sysctl.o
  CC      security/keys/encrypted-keys/encrypted.o
  CC      security/keys/encrypted-keys/ecryptfs_format.o
  CC      kernel/events/callchain.o
  LD      security/keys/encrypted-keys/encrypted-keys.o
  LD      security/keys/encrypted-keys/built-in.o
  LD      security/keys/built-in.o
  CC      security/mstdrv/mstdrv.o
  CC      mm/mprotect.o
  CC      kernel/events/hw_breakpoint.o
  LD      security/mstdrv/built-in.o
  CC      security/sdp/dek.o
  CC      mm/mremap.o
  CC      security/sdp/dek_aes.o
  LD      kernel/events/built-in.o
  CC      kernel/irq/irqdesc.o
  CC      security/sdp/sdp_mm.o
  CC      security/sdp/pub_crypto_emul.o
  CC      kernel/irq/handle.o
  CC      mm/msync.o
  CC      security/sdp/dek_sysfs.o
  CC      kernel/irq/manage.o
  CC      mm/rmap.o
  CC      security/sdp/cache_cleanup.o
  CC      security/sdp/kek_pack.o
  CC      security/sdp/fs_handler.o
  CC      kernel/irq/spurious.o
  CC      security/sdp/sdp_dlp.o
  CC      mm/vmalloc.o
  CC      kernel/irq/resend.o
  CC      kernel/irq/chip.o
  LD      security/sdp/built-in.o
  GEN     security/selinux/flask.h security/selinux/av_permissions.h
  CC      security/selinux/avc.o
  CC      security/selinux/hooks.o
  CC      kernel/irq/dummychip.o
  CC      mm/pagewalk.o
  CC      kernel/irq/devres.o
  CC      security/selinux/selinuxfs.o
  CC      kernel/irq/generic-chip.o
  CC      mm/pgtable-generic.o
  CC      kernel/irq/autoprobe.o
  CC      mm/process_vm_access.o
  CC      security/selinux/netlink.o
  CC      kernel/irq/irqdomain.o
  CC      security/selinux/nlmsgtab.o
  CC      mm/init-mm.o
  CC      mm/nobootmem.o
  CC      mm/fadvise.o
  CC      security/selinux/netif.o
  CC      kernel/irq/proc.o
  CC      mm/madvise.o
  CC      mm/memblock.o
  CC      kernel/irq/cpuhotplug.o
  CC      security/selinux/netnode.o
  CC      mm/page_io.o
  CC      kernel/irq/pm.o
  CC      mm/swap_state.o
  CC      kernel/irq/msi.o
  CC      security/selinux/netport.o
  CC      mm/swapfile.o
  CC      mm/frontswap.o
  LD      kernel/irq/built-in.o
  LD      kernel/livepatch/built-in.o
  CC      kernel/locking/mutex.o
  CC      security/selinux/exports.o
  CC      kernel/locking/semaphore.o
  CC      kernel/locking/rwsem.o
  CC      security/selinux/ss/ebitmap.o
  CC      mm/dmapool.o
  CC      mm/sparse.o
  CC      kernel/locking/percpu-rwsem.o
  CC      kernel/locking/spinlock.o
  CC      mm/sparse-vmemmap.o
  CC      security/selinux/ss/hashtab.o
  CC      kernel/locking/osq_lock.o
  CC      kernel/locking/lglock.o
  CC      security/selinux/ss/symtab.o
  CC      kernel/locking/rtmutex.o
  CC      security/selinux/ss/sidtab.o
  CC      mm/slub.o
  CC      kernel/locking/rwsem-xadd.o
  CC      mm/migrate.o
  LD      kernel/locking/built-in.o
  CC      kernel/power/qos.o
  CC      security/selinux/ss/avtab.o
  CC      kernel/power/main.o
  CC      mm/page_counter.o
  CC      security/selinux/ss/policydb.o
  CC      mm/memcontrol.o
  CC      kernel/power/process.o
  CC      mm/vmpressure.o
  CC      kernel/power/suspend.o
  CC      mm/swap_cgroup.o
  CC      security/selinux/ss/services.o
  CC      kernel/power/autosleep.o
  CC      mm/page_isolation.o
  CC      kernel/power/wakelock.o
  CC      mm/zsmalloc.o
  CC      mm/early_ioremap.o
  CC      kernel/power/poweroff.o
  CC      mm/cma.o
  CC      kernel/power/wakeup_reason.o
  CC      security/selinux/ss/conditional.o
  CC      mm/hpa.o
  LD      kernel/power/built-in.o
  CC      kernel/printk/printk.o
  CC      mm/frame_vector.o
  CC      security/selinux/ss/mls.o
  CC      security/selinux/ss/status.o
  CC      mm/usercopy.o
  CC      kernel/rcu/update.o
  LD      mm/built-in.o
  LD      kernel/printk/built-in.o
  CC      kernel/sched/core.o
  CC      kernel/sched/loadavg.o
  LD      security/selinux/selinux.o
  LD      security/selinux/built-in.o
  CC      security/commoncap.o
  CC      kernel/rcu/sync.o
  CC      kernel/rcu/srcu.o
  CC      kernel/rcu/tree.o
  CC      security/min_addr.o
  CC      security/security.o
  CC      kernel/sched/clock.o
  CC      kernel/sched/cputime.o
  CC      kernel/sched/idle_task.o
  LD      security/built-in.o
  CC      kernel/sched/fair.o
  LD      kernel/rcu/built-in.o
  CC      kernel/time/time.o
  CC      kernel/sched/rt.o
  CC      kernel/time/timer.o
  CC      kernel/sched/deadline.o
  CC      kernel/sched/stop_task.o
  CC      kernel/time/hrtimer.o
  CC      kernel/sched/wait.o
  CC      kernel/sched/completion.o
  CC      kernel/sched/idle.o
  CC      kernel/sched/cpupri.o
  CC      kernel/time/itimer.o
  CC      kernel/sched/cpudeadline.o
  CC      kernel/sched/energy.o
  CC      kernel/time/posix-timers.o
  CC      kernel/sched/debug.o
  CC      kernel/time/posix-cpu-timers.o
  CC      kernel/sched/cpuacct.o
  CC      kernel/sched/cpufreq.o
  CC      kernel/time/timekeeping.o
  CC      kernel/time/ntp.o
  CC      kernel/time/clocksource.o
  LD      kernel/sched/built-in.o
  CC      kernel/trace/trace_clock.o
  CC      kernel/time/jiffies.o
  CC      kernel/time/timer_list.o
  CC      kernel/time/timeconv.o
  CC      kernel/trace/ring_buffer.o
  CC      kernel/time/timecounter.o
  CC      kernel/time/posix-clock.o
  CC      kernel/time/alarmtimer.o
  CC      kernel/time/clockevents.o
  CC      kernel/time/tick-common.o
  CC      kernel/time/tick-broadcast.o
  CC      kernel/trace/trace.o
  CC      kernel/trace/trace_output.o
  CC      kernel/time/tick-broadcast-hrtimer.o
  CC      kernel/time/sched_clock.o
  CC      kernel/time/tick-oneshot.o
  CC      kernel/time/tick-sched.o
  CC      kernel/trace/trace_seq.o
  CC      kernel/time/timekeeping_debug.o
  CC      kernel/trace/trace_stat.o
  CC      kernel/trace/trace_printk.o
  LD      kernel/time/built-in.o
  CC      kernel/kaslr.o
  CC      kernel/trace/trace_sched_switch.o
  CC      kernel/freezer.o
  CC      kernel/trace/trace_nop.o
  CC      kernel/trace/blktrace.o
  CC      kernel/trace/trace_events.o
  CC      kernel/profile.o
  CC      kernel/trace/trace_export.o
  CC      kernel/trace/trace_event_perf.o
  CC      kernel/trace/trace_events_filter.o
  CC      kernel/stacktrace.o
  CC      kernel/trace/trace_events_trigger.o
  CC      kernel/futex.o
  CC      kernel/trace/power-traces.o
  CC      kernel/trace/rpm-traces.o
  CC      kernel/trace/gpu-traces.o
  CC      kernel/futex_compat.o
  CC      kernel/smp.o
  LD      kernel/trace/built-in.o
  CC      kernel/uid16.o
  CC      kernel/kallsyms.o
  CC      kernel/compat.o
  CC      kernel/cgroup.o
  CC      kernel/cgroup_freezer.o
  CC      kernel/cpuset.o
  CC      kernel/utsname.o
  CC      kernel/pid_namespace.o
  GZIP    kernel/config_data.gz
  CC      kernel/stop_machine.o
  CC      kernel/hung_task.o
  CC      kernel/watchdog.o
  CC      kernel/seccomp.o
  CC      kernel/utsname_sysctl.o
  CC      kernel/delayacct.o
  CC      kernel/taskstats.o
  CC      kernel/tsacct.o
  CC      kernel/tracepoint.o
  CC      kernel/elfcore.o
  CC      kernel/irq_work.o
  CC      kernel/cpu_pm.o
  CC      kernel/membarrier.o
  CC      kernel/memremap.o
  CHK     kernel/config_data.h
  UPD     kernel/config_data.h
  CC      kernel/configs.o
  LD      kernel/built-in.o
make[1]: Leaving directory '/home/ubuntu/RAD-8895/out'
make: *** [Makefile:152: sub-make] Error 2

Script done on 2023-08-26 22:14:30-03:00 [COMMAND_EXIT_CODE="2"]
