Script started on 2023-08-26 22:12:32-03:00 [TERM="xterm-256color" TTY="/dev/pts/2" COLUMNS="106" LINES="60"]
make[1]: Entering directory '/home/ubuntu/RAD-8895/out'
  GEN     ./Makefile
scripts/kconfig/conf  --silentoldconfig Kconfig
Kconfig:15:warning: environment variable ANDROID_MAJOR_VERSION undefined
INFO: CC is clang
  CHK     include/config/kernel.release
  GEN     ./Makefile
  UPD     include/config/kernel.release
  WRAP    arch/arm64/include/generated/asm/bug.h
  WRAP    arch/arm64/include/generated/asm/bugs.h
  WRAP    arch/arm64/include/generated/asm/checksum.h
  WRAP    arch/arm64/include/generated/asm/clkdev.h
  WRAP    arch/arm64/include/generated/asm/cputime.h
  WRAP    arch/arm64/include/generated/asm/delay.h
  WRAP    arch/arm64/include/generated/asm/current.h
  WRAP    arch/arm64/include/generated/asm/div64.h
  WRAP    arch/arm64/include/generated/asm/dma.h
  WRAP    arch/arm64/include/generated/asm/dma-contiguous.h
  CHK     include/generated/uapi/linux/version.h
  WRAP    arch/arm64/include/generated/asm/early_ioremap.h
  WRAP    arch/arm64/include/generated/asm/emergency-restart.h
  WRAP    arch/arm64/include/generated/asm/errno.h
  UPD     include/generated/uapi/linux/version.h
  WRAP    arch/arm64/include/generated/asm/ftrace.h
  WRAP    arch/arm64/include/generated/asm/hw_irq.h
  WRAP    arch/arm64/include/generated/asm/ioctl.h
  WRAP    arch/arm64/include/generated/asm/ioctls.h
  WRAP    arch/arm64/include/generated/asm/ipcbuf.h
  WRAP    arch/arm64/include/generated/asm/irq_regs.h
  WRAP    arch/arm64/include/generated/asm/kdebug.h
  WRAP    arch/arm64/include/generated/asm/kmap_types.h
  WRAP    arch/arm64/include/generated/asm/kvm_para.h
  WRAP    arch/arm64/include/generated/asm/local.h
  WRAP    arch/arm64/include/generated/asm/mcs_spinlock.h
  WRAP    arch/arm64/include/generated/asm/local64.h
  WRAP    arch/arm64/include/generated/asm/mm-arch-hooks.h
  WRAP    arch/arm64/include/generated/asm/mman.h
  WRAP    arch/arm64/include/generated/asm/msgbuf.h
  WRAP    arch/arm64/include/generated/asm/msi.h
  WRAP    arch/arm64/include/generated/asm/mutex.h
  WRAP    arch/arm64/include/generated/asm/pci.h
  WRAP    arch/arm64/include/generated/asm/poll.h
  WRAP    arch/arm64/include/generated/asm/pci-bridge.h
  WRAP    arch/arm64/include/generated/asm/preempt.h
  WRAP    arch/arm64/include/generated/asm/resource.h
  WRAP    arch/arm64/include/generated/asm/rwsem.h
  WRAP    arch/arm64/include/generated/asm/sections.h
  WRAP    arch/arm64/include/generated/asm/segment.h
  WRAP    arch/arm64/include/generated/asm/sembuf.h
  WRAP    arch/arm64/include/generated/asm/serial.h
  CHK     include/generated/utsrelease.h
  WRAP    arch/arm64/include/generated/asm/shmbuf.h
  WRAP    arch/arm64/include/generated/asm/simd.h
  WRAP    arch/arm64/include/generated/asm/sizes.h
  WRAP    arch/arm64/include/generated/asm/socket.h
  WRAP    arch/arm64/include/generated/asm/sockios.h
  WRAP    arch/arm64/include/generated/asm/swab.h
  WRAP    arch/arm64/include/generated/asm/switch_to.h
  UPD     include/generated/utsrelease.h
  WRAP    arch/arm64/include/generated/asm/termbits.h
  WRAP    arch/arm64/include/generated/asm/termios.h
  WRAP    arch/arm64/include/generated/asm/topology.h
  WRAP    arch/arm64/include/generated/asm/trace_clock.h
  WRAP    arch/arm64/include/generated/asm/types.h
  WRAP    arch/arm64/include/generated/asm/unaligned.h
  WRAP    arch/arm64/include/generated/asm/user.h
  WRAP    arch/arm64/include/generated/asm/vga.h
  WRAP    arch/arm64/include/generated/asm/xor.h
  HOSTCC  scripts/basic/fixdep
  WRAP    arch/arm64/include/generated/uapi/asm/kvm_para.h
  Using .. as source for kernel
  HOSTCC  scripts/basic/bin2c
  CHK     include/generated/timeconst.h
  CC      kernel/bounds.s
  UPD     include/generated/timeconst.h
  HOSTCC  scripts/dtc/dtc.o
  HOSTCC  scripts/dtbtool_exynos/dtbtool.o
  CC      scripts/mod/empty.o
  HOSTCC  scripts/dtc/flattree.o
  CHK     include/generated/bounds.h
  UPD     include/generated/bounds.h
  HOSTCC  scripts/mod/mk_elfconfig
  CC      arch/arm64/kernel/asm-offsets.s
  HOSTCC  scripts/dtbtool_exynos/../dtc/libfdt/fdt.o
  CC      scripts/mod/devicetable-offsets.s
  HOSTCC  scripts/dtbtool_exynos/../dtc/libfdt/fdt_ro.o
  MKELF   scripts/mod/elfconfig.h
  CHK     scripts/mod/devicetable-offsets.h
  UPD     scripts/mod/devicetable-offsets.h
  HOSTCC  scripts/mod/sumversion.o
  HOSTCC  scripts/dtc/fstree.o
  HOSTLD  scripts/dtbtool_exynos/dtbtool
  HOSTCC  scripts/dtc/data.o
  HOSTCC  scripts/selinux/genheaders/genheaders
  CHK     include/generated/asm-offsets.h
  UPD     include/generated/asm-offsets.h
  CALL    ../scripts/checksyscalls.sh
  HOSTCC  scripts/mod/modpost.o
  HOSTCC  scripts/selinux/mdp/mdp
  HOSTCC  scripts/dtc/livetree.o
  HOSTCC  scripts/dtc/treesource.o
  HOSTCC  scripts/dtc/srcpos.o
  HOSTCC  scripts/dtc/checks.o
  HOSTCC  scripts/dtc/util.o
  SHIPPED scripts/dtc/dtc-lexer.lex.c
  SHIPPED scripts/dtc/dtc-parser.tab.h
  SHIPPED scripts/dtc/dtc-parser.tab.c
  HOSTCC  scripts/mod/file2alias.o
  HOSTCC  scripts/dtc/dtc-lexer.lex.o
  HOSTCC  scripts/dtc/dtc-parser.tab.o
  LDS     arch/arm64/kernel/vdso/vdso.lds
  VDSOC   arch/arm64/kernel/vdso/vgettimeofday.o
  VDSOA   arch/arm64/kernel/vdso/note.o
  VDSOA   arch/arm64/kernel/vdso/sigreturn.o
  HOSTLD  scripts/dtc/dtc
  HOSTCC  scripts/kallsyms
  HOSTLD  scripts/mod/modpost
  VDSOL   arch/arm64/kernel/vdso/vdso.so.dbg
  VDSOSYM include/generated/vdso-offsets.h
  HOSTCC  usr/gen_init_cpio
  CC      init/main.o
  CC      arch/arm64/mm/dma-mapping.o
  CC      arch/arm64/kernel/debug-monitors.o
  GEN     usr/initramfs_data.cpio.gz
  AS      usr/initramfs_data.o
  LD      usr/built-in.o
  LD      arch/arm64/net/built-in.o
  CC      arch/arm64/crypto/sha1-ce-glue.o
  AS      arch/arm64/kernel/entry.o
  CC      arch/arm64/kernel/irq.o
  CHK     include/generated/compile.h
  CC      arch/arm64/mm/extable.o
  UPD     include/generated/compile.h
  AS      arch/arm64/crypto/sha1-ce-core.o
  CC      init/do_mounts.o
  CC      arch/arm64/crypto/sha2-ce-glue.o
  CC      arch/arm64/mm/fault.o
  CC      arch/arm64/kernel/fpsimd.o
  AS      arch/arm64/crypto/sha2-ce-core.o
  CC      arch/arm64/mm/init.o
  AS      arch/arm64/kernel/entry-fpsimd.o
  CC      arch/arm64/crypto/poly-hash-ce-glue.o
  CC      arch/arm64/kernel/process.o
  CC      init/do_mounts_rd.o
  AS      arch/arm64/mm/cache.o
  AS      arch/arm64/crypto/poly-hash-ce-core.o
  CC      init/do_mounts_initrd.o
  CC      arch/arm64/mm/copypage.o
  CC      arch/arm64/crypto/aes-ce-cipher.o
  CC      arch/arm64/kernel/ptrace.o
  CC      arch/arm64/mm/flush.o
  CC      arch/arm64/crypto/aes-glue-ce.o
  CC      init/do_mounts_dm.o
  CC      arch/arm64/mm/ioremap.o
  AS      arch/arm64/crypto/aes-ce.o
  CC      arch/arm64/kernel/setup.o
  CC      arch/arm64/mm/mmap.o
  CC      arch/arm64/crypto/crc32-arm64.o
  CC      init/noinitramfs.o
  CC      arch/arm64/mm/pgd.o
  CC      init/initramfs.o
  LD      arch/arm64/crypto/sha1-ce.o
  LD      arch/arm64/crypto/sha2-ce.o
  LD      arch/arm64/crypto/poly-hash-ce.o
  LD      arch/arm64/crypto/aes-ce-blk.o
  LD      arch/arm64/crypto/built-in.o
  CC      arch/arm64/kernel/signal.o
  CC      kernel/fork.o
  CC      arch/arm64/mm/mmu.o
  CC      init/calibrate.o
  CC      init/init_task.o
  CC      arch/arm64/kernel/sys.o
  CC      arch/arm64/mm/context.o
  CC      arch/arm64/kernel/stacktrace.o
  CC      init/version.o
  CC      kernel/exec_domain.o
  AS      arch/arm64/mm/proc.o
  CC      arch/arm64/mm/pageattr.o
  LD      init/mounts.o
  LD      init/built-in.o
  CC      arch/arm64/kernel/time.o
  LD      certs/built-in.o
  CC      mm/filemap.o
  CC      kernel/panic.o
  LD      arch/arm64/mm/built-in.o
  CC      kernel/cpu.o
  CC      arch/arm64/kernel/traps.o
  CC      kernel/exit.o
  CC      arch/arm64/kernel/io.o
  CC      mm/mempool.o
  CC      kernel/softirq.o
  CC      arch/arm64/kernel/vdso.o
  AS      arch/arm64/kernel/hyp-stub.o
  CC      mm/oom_kill.o
  CC      arch/arm64/kernel/psci.o
  CC      kernel/resource.o
  CC      kernel/sysctl.o
  CC      arch/arm64/kernel/cpu_ops.o
  CC      mm/maccess.o
  CC      kernel/sysctl_binary.o
  CC      arch/arm64/kernel/insn.o
  CC      mm/page_alloc.o
  CC      kernel/capability.o
  CC      arch/arm64/kernel/return_address.o
  CC      kernel/ptrace.o
  CC      kernel/user.o
  CC      arch/arm64/kernel/cpuinfo.o
  CC      arch/arm64/kernel/cpu_errata.o
  CC      arch/arm64/kernel/cpufeature.o
  CC      kernel/signal.o
  CC      arch/arm64/kernel/alternative.o
  CC      mm/page-writeback.o
  CC      fs/open.o
  CC      arch/arm64/kernel/cacheinfo.o
  CC      arch/arm64/kernel/smp.o
[1m../fs/open.c:354:21: [0m[0;1;31merror: [0m[1mISO C90 forbids mixing declarations and code
      [-Werror,-Wdeclaration-after-statement][0m
        const struct cred *old_cred;
[0;1;32m                           ^
[0m1 error generated.
make[2]: *** [../scripts/Makefile.build:277: fs/open.o] Error 1
make[1]: *** [/home/ubuntu/RAD-8895/Makefile:1040: fs] Error 2
make[1]: *** Waiting for unfinished jobs....
  CC      arch/arm64/kernel/smp_spin_table.o
  CC      arch/arm64/kernel/topology.o
  CC      kernel/sys.o
  AS      arch/arm64/kernel/smccc-call.o
  CC      mm/readahead.o
  CC      arch/arm64/kernel/ctr_el0_handler.o
  CC      mm/swap.o
  CC      arch/arm64/kernel/sys32.o
  CC      mm/truncate.o
  CC      arch/arm64/kernel/signal32.o
  CC      kernel/kmod.o
  CC      mm/vmscan.o
  CC      mm/shmem.o
  CC      kernel/workqueue.o
  CC      arch/arm64/kernel/sys_compat.o
  AS      arch/arm64/kernel/entry32.o
  CC      arch/arm64/kernel/../../arm/kernel/opcodes.o
  AS      arch/arm64/kernel/sigreturn32.o
  CC      mm/util.o
  AS      arch/arm64/kernel/kuser32.o
  CC      kernel/pid.o
  CC      arch/arm64/kernel/perf_regs.o
  CC      mm/mmzone.o
  CC      arch/arm64/kernel/perf_callchain.o
  CC      arch/arm64/kernel/perf_event.o
  CC      kernel/task_work.o
  CC      mm/vmstat.o
  CC      arch/arm64/kernel/hw_breakpoint.o
  AS      arch/arm64/kernel/sleep.o
  CC      kernel/extable.o
  CC      arch/arm64/kernel/suspend.o
  CC      mm/backing-dev.o
  CC      kernel/params.o
^Cmake[2]: *** [../scripts/Makefile.build:277: mm/backing-dev.o] Interrupt
make[2]: *** [../scripts/Makefile.build:277: kernel/params.o] Interrupt
make[2]: *** [../scripts/Makefile.build:277: arch/arm64/kernel/hw_breakpoint.o] Interrupt
make[2]: *** [../scripts/Makefile.build:277: arch/arm64/kernel/suspend.o] Interrupt
make[1]: *** [/home/ubuntu/RAD-8895/Makefile:1040: arch/arm64/kernel] Interrupt
make[1]: *** [/home/ubuntu/RAD-8895/Makefile:1040: mm] Interrupt
make[1]: *** [/home/ubuntu/RAD-8895/Makefile:1040: kernel] Interrupt
make: *** [Makefile:152: sub-make] Interrupt

Script done on 2023-08-26 22:12:59-03:00 [COMMAND_EXIT_CODE="130"]
